Compiling the CUDA compiler identification source file "CMakeCUDACompilerId.cu" failed.
Compiler: CMAKE_CUDA_COMPILER-NOTFOUND 
Build flags: 
Id flags:  -v;--keep;--keep-dir;tmp

The output was:
系统找不到指定的文件。


Compiling the CUDA compiler identification source file "CMakeCUDACompilerId.cu" failed.
Compiler: CMAKE_CUDA_COMPILER-NOTFOUND 
Build flags: 
Id flags:  -v;--keep;--keep-dir;tmp

The output was:
系统找不到指定的文件。


Compiling the CUDA compiler identification source file "CMakeCUDACompilerId.cu" failed.
Compiler: CMAKE_CUDA_COMPILER-NOTFOUND 
Build flags: 
Id flags:  -v;--keep;--keep-dir;tmp

The output was:
系统找不到指定的文件。


Compiling the CUDA compiler identification source file "CMakeCUDACompilerId.cu" failed.
Compiler: CMAKE_CUDA_COMPILER-NOTFOUND 
Build flags: 
Id flags:  -v;--keep;--keep-dir;tmp

The output was:
系统找不到指定的文件。


Compiling the CUDA compiler identification source file "CMakeCUDACompilerId.cu" failed.
Compiler: CMAKE_CUDA_COMPILER-NOTFOUND 
Build flags: 
Id flags:  -v;--keep;--keep-dir;tmp

The output was:
系统找不到指定的文件。


Compiling the CUDA compiler identification source file "CMakeCUDACompilerId.cu" failed.
Compiler: CMAKE_CUDA_COMPILER-NOTFOUND 
Build flags: 
Id flags:  -v;--keep;--keep-dir;tmp

The output was:
系统找不到指定的文件。


Compiling the CUDA compiler identification source file "CMakeCUDACompilerId.cu" failed.
Compiler: CMAKE_CUDA_COMPILER-NOTFOUND 
Build flags: 
Id flags:  -v;--keep;--keep-dir;tmp

The output was:
系统找不到指定的文件。


Compiling the CUDA compiler identification source file "CMakeCUDACompilerId.cu" failed.
Compiler: CMAKE_CUDA_COMPILER-NOTFOUND 
Build flags: 
Id flags:  -v;--keep;--keep-dir;tmp

The output was:
系统找不到指定的文件。


Compiling the CUDA compiler identification source file "CMakeCUDACompilerId.cu" failed.
Compiler: CMAKE_CUDA_COMPILER-NOTFOUND 
Build flags: 
Id flags:  -v;--keep;--keep-dir;tmp

The output was:
系统找不到指定的文件。


Compiling the CUDA compiler identification source file "CMakeCUDACompilerId.cu" failed.
Compiler: CMAKE_CUDA_COMPILER-NOTFOUND 
Build flags: 
Id flags:  -v;--keep;--keep-dir;tmp

The output was:
系统找不到指定的文件。


Compiling the CUDA compiler identification source file "CMakeCUDACompilerId.cu" failed.
Compiler: CMAKE_CUDA_COMPILER-NOTFOUND 
Build flags: 
Id flags:  -v;--keep;--keep-dir;tmp

The output was:
系统找不到指定的文件。


Compiling the CUDA compiler identification source file "CMakeCUDACompilerId.cu" failed.
Compiler: CMAKE_CUDA_COMPILER-NOTFOUND 
Build flags: 
Id flags:  -v;--keep;--keep-dir;tmp

The output was:
系统找不到指定的文件。


