The system is: Windows - 10.0.19044 - AMD64
Compiling the C compiler identification source file "CMakeCCompilerId.c" succeeded.
Compiler: D:/VS/VC/Tools/MSVC/14.27.29110/bin/Hostx64/x64/cl.exe 
Build flags: 
Id flags:  

The output was:
0
用于 x64 的 Microsoft (R) C/C++ 优化编译器 19.27.29112 版
版权所有(C) Microsoft Corporation。保留所有权利。

CMakeCCompilerId.c
Microsoft (R) Incremental Linker Version 14.27.29112.0
Copyright (C) Microsoft Corporation.  All rights reserved.

/out:CMakeCCompilerId.exe 
CMakeCCompilerId.obj 


Compilation of the C compiler identification source "CMakeCCompilerId.c" produced "CMakeCCompilerId.exe"

Compilation of the C compiler identification source "CMakeCCompilerId.c" produced "CMakeCCompilerId.obj"

The C compiler identification is MSVC, found in "D:/fudao/shixi/easy_perception/easy_drivers/out/build/x64-Debug (默认值)/CMakeFiles/3.17.20032601-MSVC_2/CompilerIdC/CMakeCCompilerId.exe"

Compiling the CXX compiler identification source file "CMakeCXXCompilerId.cpp" succeeded.
Compiler: D:/VS/VC/Tools/MSVC/14.27.29110/bin/Hostx64/x64/cl.exe 
Build flags: 
Id flags:  

The output was:
0
用于 x64 的 Microsoft (R) C/C++ 优化编译器 19.27.29112 版
版权所有(C) Microsoft Corporation。保留所有权利。

CMakeCXXCompilerId.cpp
Microsoft (R) Incremental Linker Version 14.27.29112.0
Copyright (C) Microsoft Corporation.  All rights reserved.

/out:CMakeCXXCompilerId.exe 
CMakeCXXCompilerId.obj 


Compilation of the CXX compiler identification source "CMakeCXXCompilerId.cpp" produced "CMakeCXXCompilerId.exe"

Compilation of the CXX compiler identification source "CMakeCXXCompilerId.cpp" produced "CMakeCXXCompilerId.obj"

The CXX compiler identification is MSVC, found in "D:/fudao/shixi/easy_perception/easy_drivers/out/build/x64-Debug (默认值)/CMakeFiles/3.17.20032601-MSVC_2/CompilerIdCXX/CMakeCXXCompilerId.exe"

Failed to detect CUDA nvcc include information:
  no 'INCLUDES=' string found in nvcc output:
    


Determining if the C compiler works passed with the following output:
Change Dir: D:/fudao/shixi/easy_perception/easy_drivers/out/build/x64-Debug (默认值)/CMakeFiles/CMakeTmp

Run Build Command(s):D:\VS\COMMON7\IDE\COMMONEXTENSIONS\MICROSOFT\CMAKE\Ninja\ninja.exe cmTC_a59b9 && [1/2] Building C object CMakeFiles\cmTC_a59b9.dir\testCCompiler.c.obj
[2/2] Linking C executable cmTC_a59b9.exe



Detecting C compiler ABI info compiled with the following output:
Change Dir: D:/fudao/shixi/easy_perception/easy_drivers/out/build/x64-Debug (默认值)/CMakeFiles/CMakeTmp

Run Build Command(s):D:\VS\COMMON7\IDE\COMMONEXTENSIONS\MICROSOFT\CMAKE\Ninja\ninja.exe cmTC_d158b && [1/2] Building C object CMakeFiles\cmTC_d158b.dir\CMakeCCompilerABI.c.obj
[2/2] Linking C executable cmTC_d158b.exe



Determining if the CXX compiler works passed with the following output:
Change Dir: D:/fudao/shixi/easy_perception/easy_drivers/out/build/x64-Debug (默认值)/CMakeFiles/CMakeTmp

Run Build Command(s):D:\VS\COMMON7\IDE\COMMONEXTENSIONS\MICROSOFT\CMAKE\Ninja\ninja.exe cmTC_a661a && [1/2] Building CXX object CMakeFiles\cmTC_a661a.dir\testCXXCompiler.cxx.obj
[2/2] Linking CXX executable cmTC_a661a.exe



Detecting CXX compiler ABI info compiled with the following output:
Change Dir: D:/fudao/shixi/easy_perception/easy_drivers/out/build/x64-Debug (默认值)/CMakeFiles/CMakeTmp

Run Build Command(s):D:\VS\COMMON7\IDE\COMMONEXTENSIONS\MICROSOFT\CMAKE\Ninja\ninja.exe cmTC_003a1 && [1/2] Building CXX object CMakeFiles\cmTC_003a1.dir\CMakeCXXCompilerABI.cpp.obj
[2/2] Linking CXX executable cmTC_003a1.exe



Failed to detect CUDA nvcc include information:
  no 'INCLUDES=' string found in nvcc output:
    


Failed to detect CUDA nvcc include information:
  no 'INCLUDES=' string found in nvcc output:
    


Failed to detect CUDA nvcc include information:
  no 'INCLUDES=' string found in nvcc output:
    


Failed to detect CUDA nvcc include information:
  no 'INCLUDES=' string found in nvcc output:
    


Failed to detect CUDA nvcc include information:
  no 'INCLUDES=' string found in nvcc output:
    


