The system is: Linux - 5.4.0-99-generic - x86_64
Compiling the C compiler identification source file "CMakeCCompilerId.c" succeeded.
Compiler: /usr/local/linaro-aarch64-2020.09-gcc10.2-linux5.4/bin/aarch64-linux-gnu-gcc 
Build flags: 
Id flags:  

The output was:
0


Compilation of the C compiler identification source "CMakeCCompilerId.c" produced "a.out"

The C compiler identification is GNU, found in "/home/edge/workspace/EDGE/Track/easy_perception_main/easy_arm/ambarella/cnn_lights_recognize/build/CMakeFiles/3.10.2/CompilerIdC/a.out"

Compiling the CXX compiler identification source file "CMakeCXXCompilerId.cpp" succeeded.
Compiler: /usr/local/linaro-aarch64-2020.09-gcc10.2-linux5.4/bin/aarch64-linux-gnu-g++ 
Build flags: 
Id flags:  

The output was:
0


Compilation of the CXX compiler identification source "CMakeCXXCompilerId.cpp" produced "a.out"

The CXX compiler identification is GNU, found in "/home/edge/workspace/EDGE/Track/easy_perception_main/easy_arm/ambarella/cnn_lights_recognize/build/CMakeFiles/3.10.2/CompilerIdCXX/a.out"

Determining if the C compiler works passed with the following output:
Change Dir: /home/edge/workspace/EDGE/Track/easy_perception_main/easy_arm/ambarella/cnn_lights_recognize/build/CMakeFiles/CMakeTmp

Run Build Command:"/usr/bin/make" "cmTC_1f1b1/fast"
/usr/bin/make -f CMakeFiles/cmTC_1f1b1.dir/build.make CMakeFiles/cmTC_1f1b1.dir/build
make[1]: 进入目录“/home/edge/workspace/EDGE/Track/easy_perception_main/easy_arm/ambarella/cnn_lights_recognize/build/CMakeFiles/CMakeTmp”
Building C object CMakeFiles/cmTC_1f1b1.dir/testCCompiler.c.o
/usr/local/linaro-aarch64-2020.09-gcc10.2-linux5.4/bin/aarch64-linux-gnu-gcc    -o CMakeFiles/cmTC_1f1b1.dir/testCCompiler.c.o   -c /home/edge/workspace/EDGE/Track/easy_perception_main/easy_arm/ambarella/cnn_lights_recognize/build/CMakeFiles/CMakeTmp/testCCompiler.c
Linking C executable cmTC_1f1b1
/usr/bin/cmake -E cmake_link_script CMakeFiles/cmTC_1f1b1.dir/link.txt --verbose=1
/usr/local/linaro-aarch64-2020.09-gcc10.2-linux5.4/bin/aarch64-linux-gnu-gcc      -rdynamic CMakeFiles/cmTC_1f1b1.dir/testCCompiler.c.o  -o cmTC_1f1b1 
make[1]: 离开目录“/home/edge/workspace/EDGE/Track/easy_perception_main/easy_arm/ambarella/cnn_lights_recognize/build/CMakeFiles/CMakeTmp”


Detecting C compiler ABI info compiled with the following output:
Change Dir: /home/edge/workspace/EDGE/Track/easy_perception_main/easy_arm/ambarella/cnn_lights_recognize/build/CMakeFiles/CMakeTmp

Run Build Command:"/usr/bin/make" "cmTC_a4aa8/fast"
/usr/bin/make -f CMakeFiles/cmTC_a4aa8.dir/build.make CMakeFiles/cmTC_a4aa8.dir/build
make[1]: 进入目录“/home/edge/workspace/EDGE/Track/easy_perception_main/easy_arm/ambarella/cnn_lights_recognize/build/CMakeFiles/CMakeTmp”
Building C object CMakeFiles/cmTC_a4aa8.dir/CMakeCCompilerABI.c.o
/usr/local/linaro-aarch64-2020.09-gcc10.2-linux5.4/bin/aarch64-linux-gnu-gcc    -o CMakeFiles/cmTC_a4aa8.dir/CMakeCCompilerABI.c.o   -c /usr/share/cmake-3.10/Modules/CMakeCCompilerABI.c
Linking C executable cmTC_a4aa8
/usr/bin/cmake -E cmake_link_script CMakeFiles/cmTC_a4aa8.dir/link.txt --verbose=1
/usr/local/linaro-aarch64-2020.09-gcc10.2-linux5.4/bin/aarch64-linux-gnu-gcc     -v -rdynamic CMakeFiles/cmTC_a4aa8.dir/CMakeCCompilerABI.c.o  -o cmTC_a4aa8 
使用内建 specs。
COLLECT_GCC=/usr/local/linaro-aarch64-2020.09-gcc10.2-linux5.4/bin/aarch64-linux-gnu-gcc
COLLECT_LTO_WRAPPER=/usr/local/linaro-aarch64-2020.09-gcc10.2-linux5.4/bin/../libexec/gcc/aarch64-linux-gnu/10.2.1/lto-wrapper
目标：aarch64-linux-gnu
配置为：'/development/abe-toolchain-build/abe.build/ambarella/../../tarballs/gcc.git~_rev_ce3001ff1d734e0763a1a5e434272bf89df1fe06/configure' SHELL=/bin/sh --with-mpc=/development/abe-toolchain-build/abe.build/ambarella/builds/aarch64-2020.09/x86_64-unknown-linux-gnu/for_host --with-mpfr=/development/abe-toolchain-build/abe.build/ambarella/builds/aarch64-2020.09/x86_64-unknown-linux-gnu/for_host --with-gmp=/development/abe-toolchain-build/abe.build/ambarella/builds/aarch64-2020.09/x86_64-unknown-linux-gnu/for_host --with-gnu-as --with-gnu-ld --disable-libmudflap --enable-lto --enable-shared --without-included-gettext --enable-nls --disable-sjlj-exceptions --disable-rpath --enable-gnu-unique-object --enable-linker-build-id --disable-libstdcxx-pch --enable-c99 --enable-clocale=gnu --enable-libstdcxx-debug --enable-long-long --with-cloog=no --with-ppl=no --with-isl=/development/abe-toolchain-build/abe.build/ambarella/builds/aarch64-2020.09/x86_64-unknown-linux-gnu/for_host --disable-multilib --enable-fix-cortex-a53-835769 --enable-fix-cortex-a53-843419 --with-arch=armv8-a --with-cpu=cortex-a53+crypto --enable-threads=posix --enable-multiarch --enable-libstdcxx-time=yes --enable-gnu-indirect-function --with-build-sysroot=/development/abe-toolchain-build/abe.build/ambarella/sysroots/aarch64-linux-gnu --with-sysroot=/development/abe-toolchain-build/abe.build/ambarella/builds/aarch64-2020.09/destdir/x86_64-unknown-linux-gnu/aarch64-linux-gnu/libc --enable-checking=release --disable-bootstrap --enable-languages=c,c++,fortran,lto --with-pic --build=x86_64-unknown-linux-gnu --host=x86_64-unknown-linux-gnu --target=aarch64-linux-gnu --prefix=/development/abe-toolchain-build/abe.build/ambarella/builds/aarch64-2020.09/destdir/x86_64-unknown-linux-gnu
线程模型：posix
Supported LTO compression algorithms: zlib
gcc 版本 10.2.1 20200907 [ revision ce3001ff1d734e0763a1a5e434272bf89df1fe06] (GCC) 
COMPILER_PATH=/usr/local/linaro-aarch64-2020.09-gcc10.2-linux5.4/bin/../libexec/gcc/aarch64-linux-gnu/10.2.1/:/usr/local/linaro-aarch64-2020.09-gcc10.2-linux5.4/bin/../libexec/gcc/aarch64-linux-gnu/:/usr/local/linaro-aarch64-2020.09-gcc10.2-linux5.4/bin/../libexec/gcc/:/usr/local/linaro-aarch64-2020.09-gcc10.2-linux5.4/bin/../lib/gcc/aarch64-linux-gnu/10.2.1/../../../../aarch64-linux-gnu/bin/
LIBRARY_PATH=/usr/local/linaro-aarch64-2020.09-gcc10.2-linux5.4/bin/../lib/gcc/aarch64-linux-gnu/10.2.1/:/usr/local/linaro-aarch64-2020.09-gcc10.2-linux5.4/bin/../lib/gcc/aarch64-linux-gnu/:/usr/local/linaro-aarch64-2020.09-gcc10.2-linux5.4/bin/../lib/gcc/:/usr/local/linaro-aarch64-2020.09-gcc10.2-linux5.4/bin/../aarch64-linux-gnu/libc/lib/:/usr/local/linaro-aarch64-2020.09-gcc10.2-linux5.4/bin/../aarch64-linux-gnu/libc/usr/lib/
COLLECT_GCC_OPTIONS='-v' '-rdynamic' '-o' 'cmTC_a4aa8' '-march=armv8-a' '-mlittle-endian' '-mabi=lp64'
 /usr/local/linaro-aarch64-2020.09-gcc10.2-linux5.4/bin/../libexec/gcc/aarch64-linux-gnu/10.2.1/collect2 -plugin /usr/local/linaro-aarch64-2020.09-gcc10.2-linux5.4/bin/../libexec/gcc/aarch64-linux-gnu/10.2.1/liblto_plugin.so -plugin-opt=/usr/local/linaro-aarch64-2020.09-gcc10.2-linux5.4/bin/../libexec/gcc/aarch64-linux-gnu/10.2.1/lto-wrapper -plugin-opt=-fresolution=/tmp/ccg044cN.res -plugin-opt=-pass-through=-lgcc -plugin-opt=-pass-through=-lgcc_s -plugin-opt=-pass-through=-lc -plugin-opt=-pass-through=-lgcc -plugin-opt=-pass-through=-lgcc_s --sysroot=/usr/local/linaro-aarch64-2020.09-gcc10.2-linux5.4/bin/../aarch64-linux-gnu/libc --build-id --eh-frame-hdr -export-dynamic -dynamic-linker /lib/ld-linux-aarch64.so.1 -X -EL -maarch64linux --fix-cortex-a53-835769 --fix-cortex-a53-843419 -o cmTC_a4aa8 /usr/local/linaro-aarch64-2020.09-gcc10.2-linux5.4/bin/../aarch64-linux-gnu/libc/usr/lib/crt1.o /usr/local/linaro-aarch64-2020.09-gcc10.2-linux5.4/bin/../aarch64-linux-gnu/libc/usr/lib/crti.o /usr/local/linaro-aarch64-2020.09-gcc10.2-linux5.4/bin/../lib/gcc/aarch64-linux-gnu/10.2.1/crtbegin.o -L/usr/local/linaro-aarch64-2020.09-gcc10.2-linux5.4/bin/../lib/gcc/aarch64-linux-gnu/10.2.1 -L/usr/local/linaro-aarch64-2020.09-gcc10.2-linux5.4/bin/../lib/gcc/aarch64-linux-gnu -L/usr/local/linaro-aarch64-2020.09-gcc10.2-linux5.4/bin/../lib/gcc -L/usr/local/linaro-aarch64-2020.09-gcc10.2-linux5.4/bin/../aarch64-linux-gnu/libc/lib -L/usr/local/linaro-aarch64-2020.09-gcc10.2-linux5.4/bin/../aarch64-linux-gnu/libc/usr/lib CMakeFiles/cmTC_a4aa8.dir/CMakeCCompilerABI.c.o -lgcc --push-state --as-needed -lgcc_s --pop-state -lc -lgcc --push-state --as-needed -lgcc_s --pop-state /usr/local/linaro-aarch64-2020.09-gcc10.2-linux5.4/bin/../lib/gcc/aarch64-linux-gnu/10.2.1/crtend.o /usr/local/linaro-aarch64-2020.09-gcc10.2-linux5.4/bin/../aarch64-linux-gnu/libc/usr/lib/crtn.o
COLLECT_GCC_OPTIONS='-v' '-rdynamic' '-o' 'cmTC_a4aa8' '-march=armv8-a' '-mlittle-endian' '-mabi=lp64'
make[1]: 离开目录“/home/edge/workspace/EDGE/Track/easy_perception_main/easy_arm/ambarella/cnn_lights_recognize/build/CMakeFiles/CMakeTmp”


Parsed C implicit link information from above output:
  link line regex: [^( *|.*[/\])(ld|CMAKE_LINK_STARTFILE-NOTFOUND|([^/\]+-)?ld|collect2)[^/\]*( |$)]
  ignore line: [Change Dir: /home/edge/workspace/EDGE/Track/easy_perception_main/easy_arm/ambarella/cnn_lights_recognize/build/CMakeFiles/CMakeTmp]
  ignore line: []
  ignore line: [Run Build Command:"/usr/bin/make" "cmTC_a4aa8/fast"]
  ignore line: [/usr/bin/make -f CMakeFiles/cmTC_a4aa8.dir/build.make CMakeFiles/cmTC_a4aa8.dir/build]
  ignore line: [make[1]: 进入目录“/home/edge/workspace/EDGE/Track/easy_perception_main/easy_arm/ambarella/cnn_lights_recognize/build/CMakeFiles/CMakeTmp”]
  ignore line: [Building C object CMakeFiles/cmTC_a4aa8.dir/CMakeCCompilerABI.c.o]
  ignore line: [/usr/local/linaro-aarch64-2020.09-gcc10.2-linux5.4/bin/aarch64-linux-gnu-gcc    -o CMakeFiles/cmTC_a4aa8.dir/CMakeCCompilerABI.c.o   -c /usr/share/cmake-3.10/Modules/CMakeCCompilerABI.c]
  ignore line: [Linking C executable cmTC_a4aa8]
  ignore line: [/usr/bin/cmake -E cmake_link_script CMakeFiles/cmTC_a4aa8.dir/link.txt --verbose=1]
  ignore line: [/usr/local/linaro-aarch64-2020.09-gcc10.2-linux5.4/bin/aarch64-linux-gnu-gcc     -v -rdynamic CMakeFiles/cmTC_a4aa8.dir/CMakeCCompilerABI.c.o  -o cmTC_a4aa8 ]
  ignore line: [使用内建 specs。]
  ignore line: [COLLECT_GCC=/usr/local/linaro-aarch64-2020.09-gcc10.2-linux5.4/bin/aarch64-linux-gnu-gcc]
  ignore line: [COLLECT_LTO_WRAPPER=/usr/local/linaro-aarch64-2020.09-gcc10.2-linux5.4/bin/../libexec/gcc/aarch64-linux-gnu/10.2.1/lto-wrapper]
  ignore line: [目标：aarch64-linux-gnu]
  ignore line: [配置为：'/development/abe-toolchain-build/abe.build/ambarella/../../tarballs/gcc.git~_rev_ce3001ff1d734e0763a1a5e434272bf89df1fe06/configure' SHELL=/bin/sh --with-mpc=/development/abe-toolchain-build/abe.build/ambarella/builds/aarch64-2020.09/x86_64-unknown-linux-gnu/for_host --with-mpfr=/development/abe-toolchain-build/abe.build/ambarella/builds/aarch64-2020.09/x86_64-unknown-linux-gnu/for_host --with-gmp=/development/abe-toolchain-build/abe.build/ambarella/builds/aarch64-2020.09/x86_64-unknown-linux-gnu/for_host --with-gnu-as --with-gnu-ld --disable-libmudflap --enable-lto --enable-shared --without-included-gettext --enable-nls --disable-sjlj-exceptions --disable-rpath --enable-gnu-unique-object --enable-linker-build-id --disable-libstdcxx-pch --enable-c99 --enable-clocale=gnu --enable-libstdcxx-debug --enable-long-long --with-cloog=no --with-ppl=no --with-isl=/development/abe-toolchain-build/abe.build/ambarella/builds/aarch64-2020.09/x86_64-unknown-linux-gnu/for_host --disable-multilib --enable-fix-cortex-a53-835769 --enable-fix-cortex-a53-843419 --with-arch=armv8-a --with-cpu=cortex-a53+crypto --enable-threads=posix --enable-multiarch --enable-libstdcxx-time=yes --enable-gnu-indirect-function --with-build-sysroot=/development/abe-toolchain-build/abe.build/ambarella/sysroots/aarch64-linux-gnu --with-sysroot=/development/abe-toolchain-build/abe.build/ambarella/builds/aarch64-2020.09/destdir/x86_64-unknown-linux-gnu/aarch64-linux-gnu/libc --enable-checking=release --disable-bootstrap --enable-languages=c,c++,fortran,lto --with-pic --build=x86_64-unknown-linux-gnu --host=x86_64-unknown-linux-gnu --target=aarch64-linux-gnu --prefix=/development/abe-toolchain-build/abe.build/ambarella/builds/aarch64-2020.09/destdir/x86_64-unknown-linux-gnu]
  ignore line: [线程模型：posix]
  ignore line: [Supported LTO compression algorithms: zlib]
  ignore line: [gcc 版本 10.2.1 20200907 [ revision ce3001ff1d734e0763a1a5e434272bf89df1fe06] (GCC) ]
  ignore line: [COMPILER_PATH=/usr/local/linaro-aarch64-2020.09-gcc10.2-linux5.4/bin/../libexec/gcc/aarch64-linux-gnu/10.2.1/:/usr/local/linaro-aarch64-2020.09-gcc10.2-linux5.4/bin/../libexec/gcc/aarch64-linux-gnu/:/usr/local/linaro-aarch64-2020.09-gcc10.2-linux5.4/bin/../libexec/gcc/:/usr/local/linaro-aarch64-2020.09-gcc10.2-linux5.4/bin/../lib/gcc/aarch64-linux-gnu/10.2.1/../../../../aarch64-linux-gnu/bin/]
  ignore line: [LIBRARY_PATH=/usr/local/linaro-aarch64-2020.09-gcc10.2-linux5.4/bin/../lib/gcc/aarch64-linux-gnu/10.2.1/:/usr/local/linaro-aarch64-2020.09-gcc10.2-linux5.4/bin/../lib/gcc/aarch64-linux-gnu/:/usr/local/linaro-aarch64-2020.09-gcc10.2-linux5.4/bin/../lib/gcc/:/usr/local/linaro-aarch64-2020.09-gcc10.2-linux5.4/bin/../aarch64-linux-gnu/libc/lib/:/usr/local/linaro-aarch64-2020.09-gcc10.2-linux5.4/bin/../aarch64-linux-gnu/libc/usr/lib/]
  ignore line: [COLLECT_GCC_OPTIONS='-v' '-rdynamic' '-o' 'cmTC_a4aa8' '-march=armv8-a' '-mlittle-endian' '-mabi=lp64']
  link line: [ /usr/local/linaro-aarch64-2020.09-gcc10.2-linux5.4/bin/../libexec/gcc/aarch64-linux-gnu/10.2.1/collect2 -plugin /usr/local/linaro-aarch64-2020.09-gcc10.2-linux5.4/bin/../libexec/gcc/aarch64-linux-gnu/10.2.1/liblto_plugin.so -plugin-opt=/usr/local/linaro-aarch64-2020.09-gcc10.2-linux5.4/bin/../libexec/gcc/aarch64-linux-gnu/10.2.1/lto-wrapper -plugin-opt=-fresolution=/tmp/ccg044cN.res -plugin-opt=-pass-through=-lgcc -plugin-opt=-pass-through=-lgcc_s -plugin-opt=-pass-through=-lc -plugin-opt=-pass-through=-lgcc -plugin-opt=-pass-through=-lgcc_s --sysroot=/usr/local/linaro-aarch64-2020.09-gcc10.2-linux5.4/bin/../aarch64-linux-gnu/libc --build-id --eh-frame-hdr -export-dynamic -dynamic-linker /lib/ld-linux-aarch64.so.1 -X -EL -maarch64linux --fix-cortex-a53-835769 --fix-cortex-a53-843419 -o cmTC_a4aa8 /usr/local/linaro-aarch64-2020.09-gcc10.2-linux5.4/bin/../aarch64-linux-gnu/libc/usr/lib/crt1.o /usr/local/linaro-aarch64-2020.09-gcc10.2-linux5.4/bin/../aarch64-linux-gnu/libc/usr/lib/crti.o /usr/local/linaro-aarch64-2020.09-gcc10.2-linux5.4/bin/../lib/gcc/aarch64-linux-gnu/10.2.1/crtbegin.o -L/usr/local/linaro-aarch64-2020.09-gcc10.2-linux5.4/bin/../lib/gcc/aarch64-linux-gnu/10.2.1 -L/usr/local/linaro-aarch64-2020.09-gcc10.2-linux5.4/bin/../lib/gcc/aarch64-linux-gnu -L/usr/local/linaro-aarch64-2020.09-gcc10.2-linux5.4/bin/../lib/gcc -L/usr/local/linaro-aarch64-2020.09-gcc10.2-linux5.4/bin/../aarch64-linux-gnu/libc/lib -L/usr/local/linaro-aarch64-2020.09-gcc10.2-linux5.4/bin/../aarch64-linux-gnu/libc/usr/lib CMakeFiles/cmTC_a4aa8.dir/CMakeCCompilerABI.c.o -lgcc --push-state --as-needed -lgcc_s --pop-state -lc -lgcc --push-state --as-needed -lgcc_s --pop-state /usr/local/linaro-aarch64-2020.09-gcc10.2-linux5.4/bin/../lib/gcc/aarch64-linux-gnu/10.2.1/crtend.o /usr/local/linaro-aarch64-2020.09-gcc10.2-linux5.4/bin/../aarch64-linux-gnu/libc/usr/lib/crtn.o]
    arg [/usr/local/linaro-aarch64-2020.09-gcc10.2-linux5.4/bin/../libexec/gcc/aarch64-linux-gnu/10.2.1/collect2] ==> ignore
    arg [-plugin] ==> ignore
    arg [/usr/local/linaro-aarch64-2020.09-gcc10.2-linux5.4/bin/../libexec/gcc/aarch64-linux-gnu/10.2.1/liblto_plugin.so] ==> ignore
    arg [-plugin-opt=/usr/local/linaro-aarch64-2020.09-gcc10.2-linux5.4/bin/../libexec/gcc/aarch64-linux-gnu/10.2.1/lto-wrapper] ==> ignore
    arg [-plugin-opt=-fresolution=/tmp/ccg044cN.res] ==> ignore
    arg [-plugin-opt=-pass-through=-lgcc] ==> ignore
    arg [-plugin-opt=-pass-through=-lgcc_s] ==> ignore
    arg [-plugin-opt=-pass-through=-lc] ==> ignore
    arg [-plugin-opt=-pass-through=-lgcc] ==> ignore
    arg [-plugin-opt=-pass-through=-lgcc_s] ==> ignore
    arg [--sysroot=/usr/local/linaro-aarch64-2020.09-gcc10.2-linux5.4/bin/../aarch64-linux-gnu/libc] ==> ignore
    arg [--build-id] ==> ignore
    arg [--eh-frame-hdr] ==> ignore
    arg [-export-dynamic] ==> ignore
    arg [-dynamic-linker] ==> ignore
    arg [/lib/ld-linux-aarch64.so.1] ==> ignore
    arg [-X] ==> ignore
    arg [-EL] ==> ignore
    arg [-maarch64linux] ==> ignore
    arg [--fix-cortex-a53-835769] ==> ignore
    arg [--fix-cortex-a53-843419] ==> ignore
    arg [-o] ==> ignore
    arg [cmTC_a4aa8] ==> ignore
    arg [/usr/local/linaro-aarch64-2020.09-gcc10.2-linux5.4/bin/../aarch64-linux-gnu/libc/usr/lib/crt1.o] ==> ignore
    arg [/usr/local/linaro-aarch64-2020.09-gcc10.2-linux5.4/bin/../aarch64-linux-gnu/libc/usr/lib/crti.o] ==> ignore
    arg [/usr/local/linaro-aarch64-2020.09-gcc10.2-linux5.4/bin/../lib/gcc/aarch64-linux-gnu/10.2.1/crtbegin.o] ==> ignore
    arg [-L/usr/local/linaro-aarch64-2020.09-gcc10.2-linux5.4/bin/../lib/gcc/aarch64-linux-gnu/10.2.1] ==> dir [/usr/local/linaro-aarch64-2020.09-gcc10.2-linux5.4/bin/../lib/gcc/aarch64-linux-gnu/10.2.1]
    arg [-L/usr/local/linaro-aarch64-2020.09-gcc10.2-linux5.4/bin/../lib/gcc/aarch64-linux-gnu] ==> dir [/usr/local/linaro-aarch64-2020.09-gcc10.2-linux5.4/bin/../lib/gcc/aarch64-linux-gnu]
    arg [-L/usr/local/linaro-aarch64-2020.09-gcc10.2-linux5.4/bin/../lib/gcc] ==> dir [/usr/local/linaro-aarch64-2020.09-gcc10.2-linux5.4/bin/../lib/gcc]
    arg [-L/usr/local/linaro-aarch64-2020.09-gcc10.2-linux5.4/bin/../aarch64-linux-gnu/libc/lib] ==> dir [/usr/local/linaro-aarch64-2020.09-gcc10.2-linux5.4/bin/../aarch64-linux-gnu/libc/lib]
    arg [-L/usr/local/linaro-aarch64-2020.09-gcc10.2-linux5.4/bin/../aarch64-linux-gnu/libc/usr/lib] ==> dir [/usr/local/linaro-aarch64-2020.09-gcc10.2-linux5.4/bin/../aarch64-linux-gnu/libc/usr/lib]
    arg [CMakeFiles/cmTC_a4aa8.dir/CMakeCCompilerABI.c.o] ==> ignore
    arg [-lgcc] ==> lib [gcc]
    arg [--push-state] ==> ignore
    arg [--as-needed] ==> ignore
    arg [-lgcc_s] ==> lib [gcc_s]
    arg [--pop-state] ==> ignore
    arg [-lc] ==> lib [c]
    arg [-lgcc] ==> lib [gcc]
    arg [--push-state] ==> ignore
    arg [--as-needed] ==> ignore
    arg [-lgcc_s] ==> lib [gcc_s]
    arg [--pop-state] ==> ignore
    arg [/usr/local/linaro-aarch64-2020.09-gcc10.2-linux5.4/bin/../lib/gcc/aarch64-linux-gnu/10.2.1/crtend.o] ==> ignore
    arg [/usr/local/linaro-aarch64-2020.09-gcc10.2-linux5.4/bin/../aarch64-linux-gnu/libc/usr/lib/crtn.o] ==> ignore
  collapse library dir [/usr/local/linaro-aarch64-2020.09-gcc10.2-linux5.4/bin/../lib/gcc/aarch64-linux-gnu/10.2.1] ==> [/usr/local/linaro-aarch64-2020.09-gcc10.2-linux5.4/lib/gcc/aarch64-linux-gnu/10.2.1]
  collapse library dir [/usr/local/linaro-aarch64-2020.09-gcc10.2-linux5.4/bin/../lib/gcc/aarch64-linux-gnu] ==> [/usr/local/linaro-aarch64-2020.09-gcc10.2-linux5.4/lib/gcc/aarch64-linux-gnu]
  collapse library dir [/usr/local/linaro-aarch64-2020.09-gcc10.2-linux5.4/bin/../lib/gcc] ==> [/usr/local/linaro-aarch64-2020.09-gcc10.2-linux5.4/lib/gcc]
  collapse library dir [/usr/local/linaro-aarch64-2020.09-gcc10.2-linux5.4/bin/../aarch64-linux-gnu/libc/lib] ==> [/usr/local/linaro-aarch64-2020.09-gcc10.2-linux5.4/aarch64-linux-gnu/libc/lib]
  collapse library dir [/usr/local/linaro-aarch64-2020.09-gcc10.2-linux5.4/bin/../aarch64-linux-gnu/libc/usr/lib] ==> [/usr/local/linaro-aarch64-2020.09-gcc10.2-linux5.4/aarch64-linux-gnu/libc/usr/lib]
  implicit libs: [gcc;gcc_s;c;gcc;gcc_s]
  implicit dirs: [/usr/local/linaro-aarch64-2020.09-gcc10.2-linux5.4/lib/gcc/aarch64-linux-gnu/10.2.1;/usr/local/linaro-aarch64-2020.09-gcc10.2-linux5.4/lib/gcc/aarch64-linux-gnu;/usr/local/linaro-aarch64-2020.09-gcc10.2-linux5.4/lib/gcc;/usr/local/linaro-aarch64-2020.09-gcc10.2-linux5.4/aarch64-linux-gnu/libc/lib;/usr/local/linaro-aarch64-2020.09-gcc10.2-linux5.4/aarch64-linux-gnu/libc/usr/lib]
  implicit fwks: []




Detecting C [-std=c11] compiler features compiled with the following output:
Change Dir: /home/edge/workspace/EDGE/Track/easy_perception_main/easy_arm/ambarella/cnn_lights_recognize/build/CMakeFiles/CMakeTmp

Run Build Command:"/usr/bin/make" "cmTC_9f8c6/fast"
/usr/bin/make -f CMakeFiles/cmTC_9f8c6.dir/build.make CMakeFiles/cmTC_9f8c6.dir/build
make[1]: 进入目录“/home/edge/workspace/EDGE/Track/easy_perception_main/easy_arm/ambarella/cnn_lights_recognize/build/CMakeFiles/CMakeTmp”
Building C object CMakeFiles/cmTC_9f8c6.dir/feature_tests.c.o
/usr/local/linaro-aarch64-2020.09-gcc10.2-linux5.4/bin/aarch64-linux-gnu-gcc   -std=c11 -o CMakeFiles/cmTC_9f8c6.dir/feature_tests.c.o   -c /home/edge/workspace/EDGE/Track/easy_perception_main/easy_arm/ambarella/cnn_lights_recognize/build/CMakeFiles/feature_tests.c
Linking C executable cmTC_9f8c6
/usr/bin/cmake -E cmake_link_script CMakeFiles/cmTC_9f8c6.dir/link.txt --verbose=1
/usr/local/linaro-aarch64-2020.09-gcc10.2-linux5.4/bin/aarch64-linux-gnu-gcc      -rdynamic CMakeFiles/cmTC_9f8c6.dir/feature_tests.c.o  -o cmTC_9f8c6 
make[1]: 离开目录“/home/edge/workspace/EDGE/Track/easy_perception_main/easy_arm/ambarella/cnn_lights_recognize/build/CMakeFiles/CMakeTmp”


    Feature record: C_FEATURE:1c_function_prototypes
    Feature record: C_FEATURE:1c_restrict
    Feature record: C_FEATURE:1c_static_assert
    Feature record: C_FEATURE:1c_variadic_macros


Detecting C [-std=c99] compiler features compiled with the following output:
Change Dir: /home/edge/workspace/EDGE/Track/easy_perception_main/easy_arm/ambarella/cnn_lights_recognize/build/CMakeFiles/CMakeTmp

Run Build Command:"/usr/bin/make" "cmTC_51448/fast"
/usr/bin/make -f CMakeFiles/cmTC_51448.dir/build.make CMakeFiles/cmTC_51448.dir/build
make[1]: 进入目录“/home/edge/workspace/EDGE/Track/easy_perception_main/easy_arm/ambarella/cnn_lights_recognize/build/CMakeFiles/CMakeTmp”
Building C object CMakeFiles/cmTC_51448.dir/feature_tests.c.o
/usr/local/linaro-aarch64-2020.09-gcc10.2-linux5.4/bin/aarch64-linux-gnu-gcc   -std=c99 -o CMakeFiles/cmTC_51448.dir/feature_tests.c.o   -c /home/edge/workspace/EDGE/Track/easy_perception_main/easy_arm/ambarella/cnn_lights_recognize/build/CMakeFiles/feature_tests.c
Linking C executable cmTC_51448
/usr/bin/cmake -E cmake_link_script CMakeFiles/cmTC_51448.dir/link.txt --verbose=1
/usr/local/linaro-aarch64-2020.09-gcc10.2-linux5.4/bin/aarch64-linux-gnu-gcc      -rdynamic CMakeFiles/cmTC_51448.dir/feature_tests.c.o  -o cmTC_51448 
make[1]: 离开目录“/home/edge/workspace/EDGE/Track/easy_perception_main/easy_arm/ambarella/cnn_lights_recognize/build/CMakeFiles/CMakeTmp”


    Feature record: C_FEATURE:1c_function_prototypes
    Feature record: C_FEATURE:1c_restrict
    Feature record: C_FEATURE:0c_static_assert
    Feature record: C_FEATURE:1c_variadic_macros


Detecting C [-std=c90] compiler features compiled with the following output:
Change Dir: /home/edge/workspace/EDGE/Track/easy_perception_main/easy_arm/ambarella/cnn_lights_recognize/build/CMakeFiles/CMakeTmp

Run Build Command:"/usr/bin/make" "cmTC_926e4/fast"
/usr/bin/make -f CMakeFiles/cmTC_926e4.dir/build.make CMakeFiles/cmTC_926e4.dir/build
make[1]: 进入目录“/home/edge/workspace/EDGE/Track/easy_perception_main/easy_arm/ambarella/cnn_lights_recognize/build/CMakeFiles/CMakeTmp”
Building C object CMakeFiles/cmTC_926e4.dir/feature_tests.c.o
/usr/local/linaro-aarch64-2020.09-gcc10.2-linux5.4/bin/aarch64-linux-gnu-gcc   -std=c90 -o CMakeFiles/cmTC_926e4.dir/feature_tests.c.o   -c /home/edge/workspace/EDGE/Track/easy_perception_main/easy_arm/ambarella/cnn_lights_recognize/build/CMakeFiles/feature_tests.c
Linking C executable cmTC_926e4
/usr/bin/cmake -E cmake_link_script CMakeFiles/cmTC_926e4.dir/link.txt --verbose=1
/usr/local/linaro-aarch64-2020.09-gcc10.2-linux5.4/bin/aarch64-linux-gnu-gcc      -rdynamic CMakeFiles/cmTC_926e4.dir/feature_tests.c.o  -o cmTC_926e4 
make[1]: 离开目录“/home/edge/workspace/EDGE/Track/easy_perception_main/easy_arm/ambarella/cnn_lights_recognize/build/CMakeFiles/CMakeTmp”


    Feature record: C_FEATURE:1c_function_prototypes
    Feature record: C_FEATURE:0c_restrict
    Feature record: C_FEATURE:0c_static_assert
    Feature record: C_FEATURE:0c_variadic_macros
Determining if the CXX compiler works passed with the following output:
Change Dir: /home/edge/workspace/EDGE/Track/easy_perception_main/easy_arm/ambarella/cnn_lights_recognize/build/CMakeFiles/CMakeTmp

Run Build Command:"/usr/bin/make" "cmTC_ede0a/fast"
/usr/bin/make -f CMakeFiles/cmTC_ede0a.dir/build.make CMakeFiles/cmTC_ede0a.dir/build
make[1]: 进入目录“/home/edge/workspace/EDGE/Track/easy_perception_main/easy_arm/ambarella/cnn_lights_recognize/build/CMakeFiles/CMakeTmp”
Building CXX object CMakeFiles/cmTC_ede0a.dir/testCXXCompiler.cxx.o
/usr/local/linaro-aarch64-2020.09-gcc10.2-linux5.4/bin/aarch64-linux-gnu-g++     -o CMakeFiles/cmTC_ede0a.dir/testCXXCompiler.cxx.o -c /home/edge/workspace/EDGE/Track/easy_perception_main/easy_arm/ambarella/cnn_lights_recognize/build/CMakeFiles/CMakeTmp/testCXXCompiler.cxx
Linking CXX executable cmTC_ede0a
/usr/bin/cmake -E cmake_link_script CMakeFiles/cmTC_ede0a.dir/link.txt --verbose=1
/usr/local/linaro-aarch64-2020.09-gcc10.2-linux5.4/bin/aarch64-linux-gnu-g++       -rdynamic CMakeFiles/cmTC_ede0a.dir/testCXXCompiler.cxx.o  -o cmTC_ede0a 
make[1]: 离开目录“/home/edge/workspace/EDGE/Track/easy_perception_main/easy_arm/ambarella/cnn_lights_recognize/build/CMakeFiles/CMakeTmp”


Detecting CXX compiler ABI info compiled with the following output:
Change Dir: /home/edge/workspace/EDGE/Track/easy_perception_main/easy_arm/ambarella/cnn_lights_recognize/build/CMakeFiles/CMakeTmp

Run Build Command:"/usr/bin/make" "cmTC_032ee/fast"
/usr/bin/make -f CMakeFiles/cmTC_032ee.dir/build.make CMakeFiles/cmTC_032ee.dir/build
make[1]: 进入目录“/home/edge/workspace/EDGE/Track/easy_perception_main/easy_arm/ambarella/cnn_lights_recognize/build/CMakeFiles/CMakeTmp”
Building CXX object CMakeFiles/cmTC_032ee.dir/CMakeCXXCompilerABI.cpp.o
/usr/local/linaro-aarch64-2020.09-gcc10.2-linux5.4/bin/aarch64-linux-gnu-g++     -o CMakeFiles/cmTC_032ee.dir/CMakeCXXCompilerABI.cpp.o -c /usr/share/cmake-3.10/Modules/CMakeCXXCompilerABI.cpp
Linking CXX executable cmTC_032ee
/usr/bin/cmake -E cmake_link_script CMakeFiles/cmTC_032ee.dir/link.txt --verbose=1
/usr/local/linaro-aarch64-2020.09-gcc10.2-linux5.4/bin/aarch64-linux-gnu-g++      -v -rdynamic CMakeFiles/cmTC_032ee.dir/CMakeCXXCompilerABI.cpp.o  -o cmTC_032ee 
使用内建 specs。
COLLECT_GCC=/usr/local/linaro-aarch64-2020.09-gcc10.2-linux5.4/bin/aarch64-linux-gnu-g++
COLLECT_LTO_WRAPPER=/usr/local/linaro-aarch64-2020.09-gcc10.2-linux5.4/bin/../libexec/gcc/aarch64-linux-gnu/10.2.1/lto-wrapper
目标：aarch64-linux-gnu
配置为：'/development/abe-toolchain-build/abe.build/ambarella/../../tarballs/gcc.git~_rev_ce3001ff1d734e0763a1a5e434272bf89df1fe06/configure' SHELL=/bin/sh --with-mpc=/development/abe-toolchain-build/abe.build/ambarella/builds/aarch64-2020.09/x86_64-unknown-linux-gnu/for_host --with-mpfr=/development/abe-toolchain-build/abe.build/ambarella/builds/aarch64-2020.09/x86_64-unknown-linux-gnu/for_host --with-gmp=/development/abe-toolchain-build/abe.build/ambarella/builds/aarch64-2020.09/x86_64-unknown-linux-gnu/for_host --with-gnu-as --with-gnu-ld --disable-libmudflap --enable-lto --enable-shared --without-included-gettext --enable-nls --disable-sjlj-exceptions --disable-rpath --enable-gnu-unique-object --enable-linker-build-id --disable-libstdcxx-pch --enable-c99 --enable-clocale=gnu --enable-libstdcxx-debug --enable-long-long --with-cloog=no --with-ppl=no --with-isl=/development/abe-toolchain-build/abe.build/ambarella/builds/aarch64-2020.09/x86_64-unknown-linux-gnu/for_host --disable-multilib --enable-fix-cortex-a53-835769 --enable-fix-cortex-a53-843419 --with-arch=armv8-a --with-cpu=cortex-a53+crypto --enable-threads=posix --enable-multiarch --enable-libstdcxx-time=yes --enable-gnu-indirect-function --with-build-sysroot=/development/abe-toolchain-build/abe.build/ambarella/sysroots/aarch64-linux-gnu --with-sysroot=/development/abe-toolchain-build/abe.build/ambarella/builds/aarch64-2020.09/destdir/x86_64-unknown-linux-gnu/aarch64-linux-gnu/libc --enable-checking=release --disable-bootstrap --enable-languages=c,c++,fortran,lto --with-pic --build=x86_64-unknown-linux-gnu --host=x86_64-unknown-linux-gnu --target=aarch64-linux-gnu --prefix=/development/abe-toolchain-build/abe.build/ambarella/builds/aarch64-2020.09/destdir/x86_64-unknown-linux-gnu
线程模型：posix
Supported LTO compression algorithms: zlib
gcc 版本 10.2.1 20200907 [ revision ce3001ff1d734e0763a1a5e434272bf89df1fe06] (GCC) 
COMPILER_PATH=/usr/local/linaro-aarch64-2020.09-gcc10.2-linux5.4/bin/../libexec/gcc/aarch64-linux-gnu/10.2.1/:/usr/local/linaro-aarch64-2020.09-gcc10.2-linux5.4/bin/../libexec/gcc/aarch64-linux-gnu/:/usr/local/linaro-aarch64-2020.09-gcc10.2-linux5.4/bin/../libexec/gcc/:/usr/local/linaro-aarch64-2020.09-gcc10.2-linux5.4/bin/../lib/gcc/aarch64-linux-gnu/10.2.1/../../../../aarch64-linux-gnu/bin/
LIBRARY_PATH=/usr/local/linaro-aarch64-2020.09-gcc10.2-linux5.4/bin/../lib/gcc/aarch64-linux-gnu/10.2.1/:/usr/local/linaro-aarch64-2020.09-gcc10.2-linux5.4/bin/../lib/gcc/aarch64-linux-gnu/:/usr/local/linaro-aarch64-2020.09-gcc10.2-linux5.4/bin/../lib/gcc/:/usr/local/linaro-aarch64-2020.09-gcc10.2-linux5.4/bin/../aarch64-linux-gnu/libc/lib/:/usr/local/linaro-aarch64-2020.09-gcc10.2-linux5.4/bin/../aarch64-linux-gnu/libc/usr/lib/
COLLECT_GCC_OPTIONS='-v' '-rdynamic' '-o' 'cmTC_032ee' '-shared-libgcc' '-march=armv8-a' '-mlittle-endian' '-mabi=lp64'
 /usr/local/linaro-aarch64-2020.09-gcc10.2-linux5.4/bin/../libexec/gcc/aarch64-linux-gnu/10.2.1/collect2 -plugin /usr/local/linaro-aarch64-2020.09-gcc10.2-linux5.4/bin/../libexec/gcc/aarch64-linux-gnu/10.2.1/liblto_plugin.so -plugin-opt=/usr/local/linaro-aarch64-2020.09-gcc10.2-linux5.4/bin/../libexec/gcc/aarch64-linux-gnu/10.2.1/lto-wrapper -plugin-opt=-fresolution=/tmp/ccLCQpE9.res -plugin-opt=-pass-through=-lgcc_s -plugin-opt=-pass-through=-lgcc -plugin-opt=-pass-through=-lc -plugin-opt=-pass-through=-lgcc_s -plugin-opt=-pass-through=-lgcc --sysroot=/usr/local/linaro-aarch64-2020.09-gcc10.2-linux5.4/bin/../aarch64-linux-gnu/libc --build-id --eh-frame-hdr -export-dynamic -dynamic-linker /lib/ld-linux-aarch64.so.1 -X -EL -maarch64linux --fix-cortex-a53-835769 --fix-cortex-a53-843419 -o cmTC_032ee /usr/local/linaro-aarch64-2020.09-gcc10.2-linux5.4/bin/../aarch64-linux-gnu/libc/usr/lib/crt1.o /usr/local/linaro-aarch64-2020.09-gcc10.2-linux5.4/bin/../aarch64-linux-gnu/libc/usr/lib/crti.o /usr/local/linaro-aarch64-2020.09-gcc10.2-linux5.4/bin/../lib/gcc/aarch64-linux-gnu/10.2.1/crtbegin.o -L/usr/local/linaro-aarch64-2020.09-gcc10.2-linux5.4/bin/../lib/gcc/aarch64-linux-gnu/10.2.1 -L/usr/local/linaro-aarch64-2020.09-gcc10.2-linux5.4/bin/../lib/gcc/aarch64-linux-gnu -L/usr/local/linaro-aarch64-2020.09-gcc10.2-linux5.4/bin/../lib/gcc -L/usr/local/linaro-aarch64-2020.09-gcc10.2-linux5.4/bin/../aarch64-linux-gnu/libc/lib -L/usr/local/linaro-aarch64-2020.09-gcc10.2-linux5.4/bin/../aarch64-linux-gnu/libc/usr/lib CMakeFiles/cmTC_032ee.dir/CMakeCXXCompilerABI.cpp.o -lstdc++ -lm -lgcc_s -lgcc -lc -lgcc_s -lgcc /usr/local/linaro-aarch64-2020.09-gcc10.2-linux5.4/bin/../lib/gcc/aarch64-linux-gnu/10.2.1/crtend.o /usr/local/linaro-aarch64-2020.09-gcc10.2-linux5.4/bin/../aarch64-linux-gnu/libc/usr/lib/crtn.o
COLLECT_GCC_OPTIONS='-v' '-rdynamic' '-o' 'cmTC_032ee' '-shared-libgcc' '-march=armv8-a' '-mlittle-endian' '-mabi=lp64'
make[1]: 离开目录“/home/edge/workspace/EDGE/Track/easy_perception_main/easy_arm/ambarella/cnn_lights_recognize/build/CMakeFiles/CMakeTmp”


Parsed CXX implicit link information from above output:
  link line regex: [^( *|.*[/\])(ld|CMAKE_LINK_STARTFILE-NOTFOUND|([^/\]+-)?ld|collect2)[^/\]*( |$)]
  ignore line: [Change Dir: /home/edge/workspace/EDGE/Track/easy_perception_main/easy_arm/ambarella/cnn_lights_recognize/build/CMakeFiles/CMakeTmp]
  ignore line: []
  ignore line: [Run Build Command:"/usr/bin/make" "cmTC_032ee/fast"]
  ignore line: [/usr/bin/make -f CMakeFiles/cmTC_032ee.dir/build.make CMakeFiles/cmTC_032ee.dir/build]
  ignore line: [make[1]: 进入目录“/home/edge/workspace/EDGE/Track/easy_perception_main/easy_arm/ambarella/cnn_lights_recognize/build/CMakeFiles/CMakeTmp”]
  ignore line: [Building CXX object CMakeFiles/cmTC_032ee.dir/CMakeCXXCompilerABI.cpp.o]
  ignore line: [/usr/local/linaro-aarch64-2020.09-gcc10.2-linux5.4/bin/aarch64-linux-gnu-g++     -o CMakeFiles/cmTC_032ee.dir/CMakeCXXCompilerABI.cpp.o -c /usr/share/cmake-3.10/Modules/CMakeCXXCompilerABI.cpp]
  ignore line: [Linking CXX executable cmTC_032ee]
  ignore line: [/usr/bin/cmake -E cmake_link_script CMakeFiles/cmTC_032ee.dir/link.txt --verbose=1]
  ignore line: [/usr/local/linaro-aarch64-2020.09-gcc10.2-linux5.4/bin/aarch64-linux-gnu-g++      -v -rdynamic CMakeFiles/cmTC_032ee.dir/CMakeCXXCompilerABI.cpp.o  -o cmTC_032ee ]
  ignore line: [使用内建 specs。]
  ignore line: [COLLECT_GCC=/usr/local/linaro-aarch64-2020.09-gcc10.2-linux5.4/bin/aarch64-linux-gnu-g++]
  ignore line: [COLLECT_LTO_WRAPPER=/usr/local/linaro-aarch64-2020.09-gcc10.2-linux5.4/bin/../libexec/gcc/aarch64-linux-gnu/10.2.1/lto-wrapper]
  ignore line: [目标：aarch64-linux-gnu]
  ignore line: [配置为：'/development/abe-toolchain-build/abe.build/ambarella/../../tarballs/gcc.git~_rev_ce3001ff1d734e0763a1a5e434272bf89df1fe06/configure' SHELL=/bin/sh --with-mpc=/development/abe-toolchain-build/abe.build/ambarella/builds/aarch64-2020.09/x86_64-unknown-linux-gnu/for_host --with-mpfr=/development/abe-toolchain-build/abe.build/ambarella/builds/aarch64-2020.09/x86_64-unknown-linux-gnu/for_host --with-gmp=/development/abe-toolchain-build/abe.build/ambarella/builds/aarch64-2020.09/x86_64-unknown-linux-gnu/for_host --with-gnu-as --with-gnu-ld --disable-libmudflap --enable-lto --enable-shared --without-included-gettext --enable-nls --disable-sjlj-exceptions --disable-rpath --enable-gnu-unique-object --enable-linker-build-id --disable-libstdcxx-pch --enable-c99 --enable-clocale=gnu --enable-libstdcxx-debug --enable-long-long --with-cloog=no --with-ppl=no --with-isl=/development/abe-toolchain-build/abe.build/ambarella/builds/aarch64-2020.09/x86_64-unknown-linux-gnu/for_host --disable-multilib --enable-fix-cortex-a53-835769 --enable-fix-cortex-a53-843419 --with-arch=armv8-a --with-cpu=cortex-a53+crypto --enable-threads=posix --enable-multiarch --enable-libstdcxx-time=yes --enable-gnu-indirect-function --with-build-sysroot=/development/abe-toolchain-build/abe.build/ambarella/sysroots/aarch64-linux-gnu --with-sysroot=/development/abe-toolchain-build/abe.build/ambarella/builds/aarch64-2020.09/destdir/x86_64-unknown-linux-gnu/aarch64-linux-gnu/libc --enable-checking=release --disable-bootstrap --enable-languages=c,c++,fortran,lto --with-pic --build=x86_64-unknown-linux-gnu --host=x86_64-unknown-linux-gnu --target=aarch64-linux-gnu --prefix=/development/abe-toolchain-build/abe.build/ambarella/builds/aarch64-2020.09/destdir/x86_64-unknown-linux-gnu]
  ignore line: [线程模型：posix]
  ignore line: [Supported LTO compression algorithms: zlib]
  ignore line: [gcc 版本 10.2.1 20200907 [ revision ce3001ff1d734e0763a1a5e434272bf89df1fe06] (GCC) ]
  ignore line: [COMPILER_PATH=/usr/local/linaro-aarch64-2020.09-gcc10.2-linux5.4/bin/../libexec/gcc/aarch64-linux-gnu/10.2.1/:/usr/local/linaro-aarch64-2020.09-gcc10.2-linux5.4/bin/../libexec/gcc/aarch64-linux-gnu/:/usr/local/linaro-aarch64-2020.09-gcc10.2-linux5.4/bin/../libexec/gcc/:/usr/local/linaro-aarch64-2020.09-gcc10.2-linux5.4/bin/../lib/gcc/aarch64-linux-gnu/10.2.1/../../../../aarch64-linux-gnu/bin/]
  ignore line: [LIBRARY_PATH=/usr/local/linaro-aarch64-2020.09-gcc10.2-linux5.4/bin/../lib/gcc/aarch64-linux-gnu/10.2.1/:/usr/local/linaro-aarch64-2020.09-gcc10.2-linux5.4/bin/../lib/gcc/aarch64-linux-gnu/:/usr/local/linaro-aarch64-2020.09-gcc10.2-linux5.4/bin/../lib/gcc/:/usr/local/linaro-aarch64-2020.09-gcc10.2-linux5.4/bin/../aarch64-linux-gnu/libc/lib/:/usr/local/linaro-aarch64-2020.09-gcc10.2-linux5.4/bin/../aarch64-linux-gnu/libc/usr/lib/]
  ignore line: [COLLECT_GCC_OPTIONS='-v' '-rdynamic' '-o' 'cmTC_032ee' '-shared-libgcc' '-march=armv8-a' '-mlittle-endian' '-mabi=lp64']
  link line: [ /usr/local/linaro-aarch64-2020.09-gcc10.2-linux5.4/bin/../libexec/gcc/aarch64-linux-gnu/10.2.1/collect2 -plugin /usr/local/linaro-aarch64-2020.09-gcc10.2-linux5.4/bin/../libexec/gcc/aarch64-linux-gnu/10.2.1/liblto_plugin.so -plugin-opt=/usr/local/linaro-aarch64-2020.09-gcc10.2-linux5.4/bin/../libexec/gcc/aarch64-linux-gnu/10.2.1/lto-wrapper -plugin-opt=-fresolution=/tmp/ccLCQpE9.res -plugin-opt=-pass-through=-lgcc_s -plugin-opt=-pass-through=-lgcc -plugin-opt=-pass-through=-lc -plugin-opt=-pass-through=-lgcc_s -plugin-opt=-pass-through=-lgcc --sysroot=/usr/local/linaro-aarch64-2020.09-gcc10.2-linux5.4/bin/../aarch64-linux-gnu/libc --build-id --eh-frame-hdr -export-dynamic -dynamic-linker /lib/ld-linux-aarch64.so.1 -X -EL -maarch64linux --fix-cortex-a53-835769 --fix-cortex-a53-843419 -o cmTC_032ee /usr/local/linaro-aarch64-2020.09-gcc10.2-linux5.4/bin/../aarch64-linux-gnu/libc/usr/lib/crt1.o /usr/local/linaro-aarch64-2020.09-gcc10.2-linux5.4/bin/../aarch64-linux-gnu/libc/usr/lib/crti.o /usr/local/linaro-aarch64-2020.09-gcc10.2-linux5.4/bin/../lib/gcc/aarch64-linux-gnu/10.2.1/crtbegin.o -L/usr/local/linaro-aarch64-2020.09-gcc10.2-linux5.4/bin/../lib/gcc/aarch64-linux-gnu/10.2.1 -L/usr/local/linaro-aarch64-2020.09-gcc10.2-linux5.4/bin/../lib/gcc/aarch64-linux-gnu -L/usr/local/linaro-aarch64-2020.09-gcc10.2-linux5.4/bin/../lib/gcc -L/usr/local/linaro-aarch64-2020.09-gcc10.2-linux5.4/bin/../aarch64-linux-gnu/libc/lib -L/usr/local/linaro-aarch64-2020.09-gcc10.2-linux5.4/bin/../aarch64-linux-gnu/libc/usr/lib CMakeFiles/cmTC_032ee.dir/CMakeCXXCompilerABI.cpp.o -lstdc++ -lm -lgcc_s -lgcc -lc -lgcc_s -lgcc /usr/local/linaro-aarch64-2020.09-gcc10.2-linux5.4/bin/../lib/gcc/aarch64-linux-gnu/10.2.1/crtend.o /usr/local/linaro-aarch64-2020.09-gcc10.2-linux5.4/bin/../aarch64-linux-gnu/libc/usr/lib/crtn.o]
    arg [/usr/local/linaro-aarch64-2020.09-gcc10.2-linux5.4/bin/../libexec/gcc/aarch64-linux-gnu/10.2.1/collect2] ==> ignore
    arg [-plugin] ==> ignore
    arg [/usr/local/linaro-aarch64-2020.09-gcc10.2-linux5.4/bin/../libexec/gcc/aarch64-linux-gnu/10.2.1/liblto_plugin.so] ==> ignore
    arg [-plugin-opt=/usr/local/linaro-aarch64-2020.09-gcc10.2-linux5.4/bin/../libexec/gcc/aarch64-linux-gnu/10.2.1/lto-wrapper] ==> ignore
    arg [-plugin-opt=-fresolution=/tmp/ccLCQpE9.res] ==> ignore
    arg [-plugin-opt=-pass-through=-lgcc_s] ==> ignore
    arg [-plugin-opt=-pass-through=-lgcc] ==> ignore
    arg [-plugin-opt=-pass-through=-lc] ==> ignore
    arg [-plugin-opt=-pass-through=-lgcc_s] ==> ignore
    arg [-plugin-opt=-pass-through=-lgcc] ==> ignore
    arg [--sysroot=/usr/local/linaro-aarch64-2020.09-gcc10.2-linux5.4/bin/../aarch64-linux-gnu/libc] ==> ignore
    arg [--build-id] ==> ignore
    arg [--eh-frame-hdr] ==> ignore
    arg [-export-dynamic] ==> ignore
    arg [-dynamic-linker] ==> ignore
    arg [/lib/ld-linux-aarch64.so.1] ==> ignore
    arg [-X] ==> ignore
    arg [-EL] ==> ignore
    arg [-maarch64linux] ==> ignore
    arg [--fix-cortex-a53-835769] ==> ignore
    arg [--fix-cortex-a53-843419] ==> ignore
    arg [-o] ==> ignore
    arg [cmTC_032ee] ==> ignore
    arg [/usr/local/linaro-aarch64-2020.09-gcc10.2-linux5.4/bin/../aarch64-linux-gnu/libc/usr/lib/crt1.o] ==> ignore
    arg [/usr/local/linaro-aarch64-2020.09-gcc10.2-linux5.4/bin/../aarch64-linux-gnu/libc/usr/lib/crti.o] ==> ignore
    arg [/usr/local/linaro-aarch64-2020.09-gcc10.2-linux5.4/bin/../lib/gcc/aarch64-linux-gnu/10.2.1/crtbegin.o] ==> ignore
    arg [-L/usr/local/linaro-aarch64-2020.09-gcc10.2-linux5.4/bin/../lib/gcc/aarch64-linux-gnu/10.2.1] ==> dir [/usr/local/linaro-aarch64-2020.09-gcc10.2-linux5.4/bin/../lib/gcc/aarch64-linux-gnu/10.2.1]
    arg [-L/usr/local/linaro-aarch64-2020.09-gcc10.2-linux5.4/bin/../lib/gcc/aarch64-linux-gnu] ==> dir [/usr/local/linaro-aarch64-2020.09-gcc10.2-linux5.4/bin/../lib/gcc/aarch64-linux-gnu]
    arg [-L/usr/local/linaro-aarch64-2020.09-gcc10.2-linux5.4/bin/../lib/gcc] ==> dir [/usr/local/linaro-aarch64-2020.09-gcc10.2-linux5.4/bin/../lib/gcc]
    arg [-L/usr/local/linaro-aarch64-2020.09-gcc10.2-linux5.4/bin/../aarch64-linux-gnu/libc/lib] ==> dir [/usr/local/linaro-aarch64-2020.09-gcc10.2-linux5.4/bin/../aarch64-linux-gnu/libc/lib]
    arg [-L/usr/local/linaro-aarch64-2020.09-gcc10.2-linux5.4/bin/../aarch64-linux-gnu/libc/usr/lib] ==> dir [/usr/local/linaro-aarch64-2020.09-gcc10.2-linux5.4/bin/../aarch64-linux-gnu/libc/usr/lib]
    arg [CMakeFiles/cmTC_032ee.dir/CMakeCXXCompilerABI.cpp.o] ==> ignore
    arg [-lstdc++] ==> lib [stdc++]
    arg [-lm] ==> lib [m]
    arg [-lgcc_s] ==> lib [gcc_s]
    arg [-lgcc] ==> lib [gcc]
    arg [-lc] ==> lib [c]
    arg [-lgcc_s] ==> lib [gcc_s]
    arg [-lgcc] ==> lib [gcc]
    arg [/usr/local/linaro-aarch64-2020.09-gcc10.2-linux5.4/bin/../lib/gcc/aarch64-linux-gnu/10.2.1/crtend.o] ==> ignore
    arg [/usr/local/linaro-aarch64-2020.09-gcc10.2-linux5.4/bin/../aarch64-linux-gnu/libc/usr/lib/crtn.o] ==> ignore
  collapse library dir [/usr/local/linaro-aarch64-2020.09-gcc10.2-linux5.4/bin/../lib/gcc/aarch64-linux-gnu/10.2.1] ==> [/usr/local/linaro-aarch64-2020.09-gcc10.2-linux5.4/lib/gcc/aarch64-linux-gnu/10.2.1]
  collapse library dir [/usr/local/linaro-aarch64-2020.09-gcc10.2-linux5.4/bin/../lib/gcc/aarch64-linux-gnu] ==> [/usr/local/linaro-aarch64-2020.09-gcc10.2-linux5.4/lib/gcc/aarch64-linux-gnu]
  collapse library dir [/usr/local/linaro-aarch64-2020.09-gcc10.2-linux5.4/bin/../lib/gcc] ==> [/usr/local/linaro-aarch64-2020.09-gcc10.2-linux5.4/lib/gcc]
  collapse library dir [/usr/local/linaro-aarch64-2020.09-gcc10.2-linux5.4/bin/../aarch64-linux-gnu/libc/lib] ==> [/usr/local/linaro-aarch64-2020.09-gcc10.2-linux5.4/aarch64-linux-gnu/libc/lib]
  collapse library dir [/usr/local/linaro-aarch64-2020.09-gcc10.2-linux5.4/bin/../aarch64-linux-gnu/libc/usr/lib] ==> [/usr/local/linaro-aarch64-2020.09-gcc10.2-linux5.4/aarch64-linux-gnu/libc/usr/lib]
  implicit libs: [stdc++;m;gcc_s;gcc;c;gcc_s;gcc]
  implicit dirs: [/usr/local/linaro-aarch64-2020.09-gcc10.2-linux5.4/lib/gcc/aarch64-linux-gnu/10.2.1;/usr/local/linaro-aarch64-2020.09-gcc10.2-linux5.4/lib/gcc/aarch64-linux-gnu;/usr/local/linaro-aarch64-2020.09-gcc10.2-linux5.4/lib/gcc;/usr/local/linaro-aarch64-2020.09-gcc10.2-linux5.4/aarch64-linux-gnu/libc/lib;/usr/local/linaro-aarch64-2020.09-gcc10.2-linux5.4/aarch64-linux-gnu/libc/usr/lib]
  implicit fwks: []




Detecting CXX [-std=c++1z] compiler features compiled with the following output:
Change Dir: /home/edge/workspace/EDGE/Track/easy_perception_main/easy_arm/ambarella/cnn_lights_recognize/build/CMakeFiles/CMakeTmp

Run Build Command:"/usr/bin/make" "cmTC_cfddb/fast"
/usr/bin/make -f CMakeFiles/cmTC_cfddb.dir/build.make CMakeFiles/cmTC_cfddb.dir/build
make[1]: 进入目录“/home/edge/workspace/EDGE/Track/easy_perception_main/easy_arm/ambarella/cnn_lights_recognize/build/CMakeFiles/CMakeTmp”
Building CXX object CMakeFiles/cmTC_cfddb.dir/feature_tests.cxx.o
/usr/local/linaro-aarch64-2020.09-gcc10.2-linux5.4/bin/aarch64-linux-gnu-g++    -std=c++1z -o CMakeFiles/cmTC_cfddb.dir/feature_tests.cxx.o -c /home/edge/workspace/EDGE/Track/easy_perception_main/easy_arm/ambarella/cnn_lights_recognize/build/CMakeFiles/feature_tests.cxx
Linking CXX executable cmTC_cfddb
/usr/bin/cmake -E cmake_link_script CMakeFiles/cmTC_cfddb.dir/link.txt --verbose=1
/usr/local/linaro-aarch64-2020.09-gcc10.2-linux5.4/bin/aarch64-linux-gnu-g++       -rdynamic CMakeFiles/cmTC_cfddb.dir/feature_tests.cxx.o  -o cmTC_cfddb 
make[1]: 离开目录“/home/edge/workspace/EDGE/Track/easy_perception_main/easy_arm/ambarella/cnn_lights_recognize/build/CMakeFiles/CMakeTmp”


    Feature record: CXX_FEATURE:1cxx_aggregate_default_initializers
    Feature record: CXX_FEATURE:1cxx_alias_templates
    Feature record: CXX_FEATURE:1cxx_alignas
    Feature record: CXX_FEATURE:1cxx_alignof
    Feature record: CXX_FEATURE:1cxx_attributes
    Feature record: CXX_FEATURE:1cxx_attribute_deprecated
    Feature record: CXX_FEATURE:1cxx_auto_type
    Feature record: CXX_FEATURE:1cxx_binary_literals
    Feature record: CXX_FEATURE:1cxx_constexpr
    Feature record: CXX_FEATURE:1cxx_contextual_conversions
    Feature record: CXX_FEATURE:1cxx_decltype
    Feature record: CXX_FEATURE:1cxx_decltype_auto
    Feature record: CXX_FEATURE:1cxx_decltype_incomplete_return_types
    Feature record: CXX_FEATURE:1cxx_default_function_template_args
    Feature record: CXX_FEATURE:1cxx_defaulted_functions
    Feature record: CXX_FEATURE:1cxx_defaulted_move_initializers
    Feature record: CXX_FEATURE:1cxx_delegating_constructors
    Feature record: CXX_FEATURE:1cxx_deleted_functions
    Feature record: CXX_FEATURE:1cxx_digit_separators
    Feature record: CXX_FEATURE:1cxx_enum_forward_declarations
    Feature record: CXX_FEATURE:1cxx_explicit_conversions
    Feature record: CXX_FEATURE:1cxx_extended_friend_declarations
    Feature record: CXX_FEATURE:1cxx_extern_templates
    Feature record: CXX_FEATURE:1cxx_final
    Feature record: CXX_FEATURE:1cxx_func_identifier
    Feature record: CXX_FEATURE:1cxx_generalized_initializers
    Feature record: CXX_FEATURE:1cxx_generic_lambdas
    Feature record: CXX_FEATURE:1cxx_inheriting_constructors
    Feature record: CXX_FEATURE:1cxx_inline_namespaces
    Feature record: CXX_FEATURE:1cxx_lambdas
    Feature record: CXX_FEATURE:1cxx_lambda_init_captures
    Feature record: CXX_FEATURE:1cxx_local_type_template_args
    Feature record: CXX_FEATURE:1cxx_long_long_type
    Feature record: CXX_FEATURE:1cxx_noexcept
    Feature record: CXX_FEATURE:1cxx_nonstatic_member_init
    Feature record: CXX_FEATURE:1cxx_nullptr
    Feature record: CXX_FEATURE:1cxx_override
    Feature record: CXX_FEATURE:1cxx_range_for
    Feature record: CXX_FEATURE:1cxx_raw_string_literals
    Feature record: CXX_FEATURE:1cxx_reference_qualified_functions
    Feature record: CXX_FEATURE:1cxx_relaxed_constexpr
    Feature record: CXX_FEATURE:1cxx_return_type_deduction
    Feature record: CXX_FEATURE:1cxx_right_angle_brackets
    Feature record: CXX_FEATURE:1cxx_rvalue_references
    Feature record: CXX_FEATURE:1cxx_sizeof_member
    Feature record: CXX_FEATURE:1cxx_static_assert
    Feature record: CXX_FEATURE:1cxx_strong_enums
    Feature record: CXX_FEATURE:1cxx_template_template_parameters
    Feature record: CXX_FEATURE:1cxx_thread_local
    Feature record: CXX_FEATURE:1cxx_trailing_return_types
    Feature record: CXX_FEATURE:1cxx_unicode_literals
    Feature record: CXX_FEATURE:1cxx_uniform_initialization
    Feature record: CXX_FEATURE:1cxx_unrestricted_unions
    Feature record: CXX_FEATURE:1cxx_user_literals
    Feature record: CXX_FEATURE:1cxx_variable_templates
    Feature record: CXX_FEATURE:1cxx_variadic_macros
    Feature record: CXX_FEATURE:1cxx_variadic_templates


Detecting CXX [-std=c++14] compiler features compiled with the following output:
Change Dir: /home/edge/workspace/EDGE/Track/easy_perception_main/easy_arm/ambarella/cnn_lights_recognize/build/CMakeFiles/CMakeTmp

Run Build Command:"/usr/bin/make" "cmTC_b2ba5/fast"
/usr/bin/make -f CMakeFiles/cmTC_b2ba5.dir/build.make CMakeFiles/cmTC_b2ba5.dir/build
make[1]: 进入目录“/home/edge/workspace/EDGE/Track/easy_perception_main/easy_arm/ambarella/cnn_lights_recognize/build/CMakeFiles/CMakeTmp”
Building CXX object CMakeFiles/cmTC_b2ba5.dir/feature_tests.cxx.o
/usr/local/linaro-aarch64-2020.09-gcc10.2-linux5.4/bin/aarch64-linux-gnu-g++    -std=c++14 -o CMakeFiles/cmTC_b2ba5.dir/feature_tests.cxx.o -c /home/edge/workspace/EDGE/Track/easy_perception_main/easy_arm/ambarella/cnn_lights_recognize/build/CMakeFiles/feature_tests.cxx
Linking CXX executable cmTC_b2ba5
/usr/bin/cmake -E cmake_link_script CMakeFiles/cmTC_b2ba5.dir/link.txt --verbose=1
/usr/local/linaro-aarch64-2020.09-gcc10.2-linux5.4/bin/aarch64-linux-gnu-g++       -rdynamic CMakeFiles/cmTC_b2ba5.dir/feature_tests.cxx.o  -o cmTC_b2ba5 
make[1]: 离开目录“/home/edge/workspace/EDGE/Track/easy_perception_main/easy_arm/ambarella/cnn_lights_recognize/build/CMakeFiles/CMakeTmp”


    Feature record: CXX_FEATURE:1cxx_aggregate_default_initializers
    Feature record: CXX_FEATURE:1cxx_alias_templates
    Feature record: CXX_FEATURE:1cxx_alignas
    Feature record: CXX_FEATURE:1cxx_alignof
    Feature record: CXX_FEATURE:1cxx_attributes
    Feature record: CXX_FEATURE:1cxx_attribute_deprecated
    Feature record: CXX_FEATURE:1cxx_auto_type
    Feature record: CXX_FEATURE:1cxx_binary_literals
    Feature record: CXX_FEATURE:1cxx_constexpr
    Feature record: CXX_FEATURE:1cxx_contextual_conversions
    Feature record: CXX_FEATURE:1cxx_decltype
    Feature record: CXX_FEATURE:1cxx_decltype_auto
    Feature record: CXX_FEATURE:1cxx_decltype_incomplete_return_types
    Feature record: CXX_FEATURE:1cxx_default_function_template_args
    Feature record: CXX_FEATURE:1cxx_defaulted_functions
    Feature record: CXX_FEATURE:1cxx_defaulted_move_initializers
    Feature record: CXX_FEATURE:1cxx_delegating_constructors
    Feature record: CXX_FEATURE:1cxx_deleted_functions
    Feature record: CXX_FEATURE:1cxx_digit_separators
    Feature record: CXX_FEATURE:1cxx_enum_forward_declarations
    Feature record: CXX_FEATURE:1cxx_explicit_conversions
    Feature record: CXX_FEATURE:1cxx_extended_friend_declarations
    Feature record: CXX_FEATURE:1cxx_extern_templates
    Feature record: CXX_FEATURE:1cxx_final
    Feature record: CXX_FEATURE:1cxx_func_identifier
    Feature record: CXX_FEATURE:1cxx_generalized_initializers
    Feature record: CXX_FEATURE:1cxx_generic_lambdas
    Feature record: CXX_FEATURE:1cxx_inheriting_constructors
    Feature record: CXX_FEATURE:1cxx_inline_namespaces
    Feature record: CXX_FEATURE:1cxx_lambdas
    Feature record: CXX_FEATURE:1cxx_lambda_init_captures
    Feature record: CXX_FEATURE:1cxx_local_type_template_args
    Feature record: CXX_FEATURE:1cxx_long_long_type
    Feature record: CXX_FEATURE:1cxx_noexcept
    Feature record: CXX_FEATURE:1cxx_nonstatic_member_init
    Feature record: CXX_FEATURE:1cxx_nullptr
    Feature record: CXX_FEATURE:1cxx_override
    Feature record: CXX_FEATURE:1cxx_range_for
    Feature record: CXX_FEATURE:1cxx_raw_string_literals
    Feature record: CXX_FEATURE:1cxx_reference_qualified_functions
    Feature record: CXX_FEATURE:1cxx_relaxed_constexpr
    Feature record: CXX_FEATURE:1cxx_return_type_deduction
    Feature record: CXX_FEATURE:1cxx_right_angle_brackets
    Feature record: CXX_FEATURE:1cxx_rvalue_references
    Feature record: CXX_FEATURE:1cxx_sizeof_member
    Feature record: CXX_FEATURE:1cxx_static_assert
    Feature record: CXX_FEATURE:1cxx_strong_enums
    Feature record: CXX_FEATURE:1cxx_template_template_parameters
    Feature record: CXX_FEATURE:1cxx_thread_local
    Feature record: CXX_FEATURE:1cxx_trailing_return_types
    Feature record: CXX_FEATURE:1cxx_unicode_literals
    Feature record: CXX_FEATURE:1cxx_uniform_initialization
    Feature record: CXX_FEATURE:1cxx_unrestricted_unions
    Feature record: CXX_FEATURE:1cxx_user_literals
    Feature record: CXX_FEATURE:1cxx_variable_templates
    Feature record: CXX_FEATURE:1cxx_variadic_macros
    Feature record: CXX_FEATURE:1cxx_variadic_templates


Detecting CXX [-std=c++11] compiler features compiled with the following output:
Change Dir: /home/edge/workspace/EDGE/Track/easy_perception_main/easy_arm/ambarella/cnn_lights_recognize/build/CMakeFiles/CMakeTmp

Run Build Command:"/usr/bin/make" "cmTC_6cb65/fast"
/usr/bin/make -f CMakeFiles/cmTC_6cb65.dir/build.make CMakeFiles/cmTC_6cb65.dir/build
make[1]: 进入目录“/home/edge/workspace/EDGE/Track/easy_perception_main/easy_arm/ambarella/cnn_lights_recognize/build/CMakeFiles/CMakeTmp”
Building CXX object CMakeFiles/cmTC_6cb65.dir/feature_tests.cxx.o
/usr/local/linaro-aarch64-2020.09-gcc10.2-linux5.4/bin/aarch64-linux-gnu-g++    -std=c++11 -o CMakeFiles/cmTC_6cb65.dir/feature_tests.cxx.o -c /home/edge/workspace/EDGE/Track/easy_perception_main/easy_arm/ambarella/cnn_lights_recognize/build/CMakeFiles/feature_tests.cxx
Linking CXX executable cmTC_6cb65
/usr/bin/cmake -E cmake_link_script CMakeFiles/cmTC_6cb65.dir/link.txt --verbose=1
/usr/local/linaro-aarch64-2020.09-gcc10.2-linux5.4/bin/aarch64-linux-gnu-g++       -rdynamic CMakeFiles/cmTC_6cb65.dir/feature_tests.cxx.o  -o cmTC_6cb65 
make[1]: 离开目录“/home/edge/workspace/EDGE/Track/easy_perception_main/easy_arm/ambarella/cnn_lights_recognize/build/CMakeFiles/CMakeTmp”


    Feature record: CXX_FEATURE:0cxx_aggregate_default_initializers
    Feature record: CXX_FEATURE:1cxx_alias_templates
    Feature record: CXX_FEATURE:1cxx_alignas
    Feature record: CXX_FEATURE:1cxx_alignof
    Feature record: CXX_FEATURE:1cxx_attributes
    Feature record: CXX_FEATURE:0cxx_attribute_deprecated
    Feature record: CXX_FEATURE:1cxx_auto_type
    Feature record: CXX_FEATURE:0cxx_binary_literals
    Feature record: CXX_FEATURE:1cxx_constexpr
    Feature record: CXX_FEATURE:0cxx_contextual_conversions
    Feature record: CXX_FEATURE:1cxx_decltype
    Feature record: CXX_FEATURE:0cxx_decltype_auto
    Feature record: CXX_FEATURE:1cxx_decltype_incomplete_return_types
    Feature record: CXX_FEATURE:1cxx_default_function_template_args
    Feature record: CXX_FEATURE:1cxx_defaulted_functions
    Feature record: CXX_FEATURE:1cxx_defaulted_move_initializers
    Feature record: CXX_FEATURE:1cxx_delegating_constructors
    Feature record: CXX_FEATURE:1cxx_deleted_functions
    Feature record: CXX_FEATURE:0cxx_digit_separators
    Feature record: CXX_FEATURE:1cxx_enum_forward_declarations
    Feature record: CXX_FEATURE:1cxx_explicit_conversions
    Feature record: CXX_FEATURE:1cxx_extended_friend_declarations
    Feature record: CXX_FEATURE:1cxx_extern_templates
    Feature record: CXX_FEATURE:1cxx_final
    Feature record: CXX_FEATURE:1cxx_func_identifier
    Feature record: CXX_FEATURE:1cxx_generalized_initializers
    Feature record: CXX_FEATURE:0cxx_generic_lambdas
    Feature record: CXX_FEATURE:1cxx_inheriting_constructors
    Feature record: CXX_FEATURE:1cxx_inline_namespaces
    Feature record: CXX_FEATURE:1cxx_lambdas
    Feature record: CXX_FEATURE:0cxx_lambda_init_captures
    Feature record: CXX_FEATURE:1cxx_local_type_template_args
    Feature record: CXX_FEATURE:1cxx_long_long_type
    Feature record: CXX_FEATURE:1cxx_noexcept
    Feature record: CXX_FEATURE:1cxx_nonstatic_member_init
    Feature record: CXX_FEATURE:1cxx_nullptr
    Feature record: CXX_FEATURE:1cxx_override
    Feature record: CXX_FEATURE:1cxx_range_for
    Feature record: CXX_FEATURE:1cxx_raw_string_literals
    Feature record: CXX_FEATURE:1cxx_reference_qualified_functions
    Feature record: CXX_FEATURE:0cxx_relaxed_constexpr
    Feature record: CXX_FEATURE:0cxx_return_type_deduction
    Feature record: CXX_FEATURE:1cxx_right_angle_brackets
    Feature record: CXX_FEATURE:1cxx_rvalue_references
    Feature record: CXX_FEATURE:1cxx_sizeof_member
    Feature record: CXX_FEATURE:1cxx_static_assert
    Feature record: CXX_FEATURE:1cxx_strong_enums
    Feature record: CXX_FEATURE:1cxx_template_template_parameters
    Feature record: CXX_FEATURE:1cxx_thread_local
    Feature record: CXX_FEATURE:1cxx_trailing_return_types
    Feature record: CXX_FEATURE:1cxx_unicode_literals
    Feature record: CXX_FEATURE:1cxx_uniform_initialization
    Feature record: CXX_FEATURE:1cxx_unrestricted_unions
    Feature record: CXX_FEATURE:1cxx_user_literals
    Feature record: CXX_FEATURE:0cxx_variable_templates
    Feature record: CXX_FEATURE:1cxx_variadic_macros
    Feature record: CXX_FEATURE:1cxx_variadic_templates


Detecting CXX [-std=c++98] compiler features compiled with the following output:
Change Dir: /home/edge/workspace/EDGE/Track/easy_perception_main/easy_arm/ambarella/cnn_lights_recognize/build/CMakeFiles/CMakeTmp

Run Build Command:"/usr/bin/make" "cmTC_bede8/fast"
/usr/bin/make -f CMakeFiles/cmTC_bede8.dir/build.make CMakeFiles/cmTC_bede8.dir/build
make[1]: 进入目录“/home/edge/workspace/EDGE/Track/easy_perception_main/easy_arm/ambarella/cnn_lights_recognize/build/CMakeFiles/CMakeTmp”
Building CXX object CMakeFiles/cmTC_bede8.dir/feature_tests.cxx.o
/usr/local/linaro-aarch64-2020.09-gcc10.2-linux5.4/bin/aarch64-linux-gnu-g++    -std=c++98 -o CMakeFiles/cmTC_bede8.dir/feature_tests.cxx.o -c /home/edge/workspace/EDGE/Track/easy_perception_main/easy_arm/ambarella/cnn_lights_recognize/build/CMakeFiles/feature_tests.cxx
Linking CXX executable cmTC_bede8
/usr/bin/cmake -E cmake_link_script CMakeFiles/cmTC_bede8.dir/link.txt --verbose=1
/usr/local/linaro-aarch64-2020.09-gcc10.2-linux5.4/bin/aarch64-linux-gnu-g++       -rdynamic CMakeFiles/cmTC_bede8.dir/feature_tests.cxx.o  -o cmTC_bede8 
make[1]: 离开目录“/home/edge/workspace/EDGE/Track/easy_perception_main/easy_arm/ambarella/cnn_lights_recognize/build/CMakeFiles/CMakeTmp”


    Feature record: CXX_FEATURE:0cxx_aggregate_default_initializers
    Feature record: CXX_FEATURE:0cxx_alias_templates
    Feature record: CXX_FEATURE:0cxx_alignas
    Feature record: CXX_FEATURE:0cxx_alignof
    Feature record: CXX_FEATURE:0cxx_attributes
    Feature record: CXX_FEATURE:0cxx_attribute_deprecated
    Feature record: CXX_FEATURE:0cxx_auto_type
    Feature record: CXX_FEATURE:0cxx_binary_literals
    Feature record: CXX_FEATURE:0cxx_constexpr
    Feature record: CXX_FEATURE:0cxx_contextual_conversions
    Feature record: CXX_FEATURE:0cxx_decltype
    Feature record: CXX_FEATURE:0cxx_decltype_auto
    Feature record: CXX_FEATURE:0cxx_decltype_incomplete_return_types
    Feature record: CXX_FEATURE:0cxx_default_function_template_args
    Feature record: CXX_FEATURE:0cxx_defaulted_functions
    Feature record: CXX_FEATURE:0cxx_defaulted_move_initializers
    Feature record: CXX_FEATURE:0cxx_delegating_constructors
    Feature record: CXX_FEATURE:0cxx_deleted_functions
    Feature record: CXX_FEATURE:0cxx_digit_separators
    Feature record: CXX_FEATURE:0cxx_enum_forward_declarations
    Feature record: CXX_FEATURE:0cxx_explicit_conversions
    Feature record: CXX_FEATURE:0cxx_extended_friend_declarations
    Feature record: CXX_FEATURE:0cxx_extern_templates
    Feature record: CXX_FEATURE:0cxx_final
    Feature record: CXX_FEATURE:0cxx_func_identifier
    Feature record: CXX_FEATURE:0cxx_generalized_initializers
    Feature record: CXX_FEATURE:0cxx_generic_lambdas
    Feature record: CXX_FEATURE:0cxx_inheriting_constructors
    Feature record: CXX_FEATURE:0cxx_inline_namespaces
    Feature record: CXX_FEATURE:0cxx_lambdas
    Feature record: CXX_FEATURE:0cxx_lambda_init_captures
    Feature record: CXX_FEATURE:0cxx_local_type_template_args
    Feature record: CXX_FEATURE:0cxx_long_long_type
    Feature record: CXX_FEATURE:0cxx_noexcept
    Feature record: CXX_FEATURE:0cxx_nonstatic_member_init
    Feature record: CXX_FEATURE:0cxx_nullptr
    Feature record: CXX_FEATURE:0cxx_override
    Feature record: CXX_FEATURE:0cxx_range_for
    Feature record: CXX_FEATURE:0cxx_raw_string_literals
    Feature record: CXX_FEATURE:0cxx_reference_qualified_functions
    Feature record: CXX_FEATURE:0cxx_relaxed_constexpr
    Feature record: CXX_FEATURE:0cxx_return_type_deduction
    Feature record: CXX_FEATURE:0cxx_right_angle_brackets
    Feature record: CXX_FEATURE:0cxx_rvalue_references
    Feature record: CXX_FEATURE:0cxx_sizeof_member
    Feature record: CXX_FEATURE:0cxx_static_assert
    Feature record: CXX_FEATURE:0cxx_strong_enums
    Feature record: CXX_FEATURE:1cxx_template_template_parameters
    Feature record: CXX_FEATURE:0cxx_thread_local
    Feature record: CXX_FEATURE:0cxx_trailing_return_types
    Feature record: CXX_FEATURE:0cxx_unicode_literals
    Feature record: CXX_FEATURE:0cxx_uniform_initialization
    Feature record: CXX_FEATURE:0cxx_unrestricted_unions
    Feature record: CXX_FEATURE:0cxx_user_literals
    Feature record: CXX_FEATURE:0cxx_variable_templates
    Feature record: CXX_FEATURE:0cxx_variadic_macros
    Feature record: CXX_FEATURE:0cxx_variadic_templates
