Checking whether the ASM compiler is GNU using "--version" did not match "(GNU assembler)|(GCC)|(Free Software Foundation)":
用于 x64 的 Microsoft (R) C/C++ 优化编译器 19.27.29112 版
版权所有(C) Microsoft Corporation。保留所有权利。

cl: 命令行 warning D9002 :忽略未知选项“--version”
cl: 命令行 error D8003 :缺少源文件名
Checking whether the ASM compiler is Clang using "--version" did not match "(clang version)":
用于 x64 的 Microsoft (R) C/C++ 优化编译器 19.27.29112 版
版权所有(C) Microsoft Corporation。保留所有权利。

cl: 命令行 warning D9002 :忽略未知选项“--version”
cl: 命令行 error D8003 :缺少源文件名
Checking whether the ASM compiler is AppleClang using "--version" did not match "(Apple LLVM version)":
用于 x64 的 Microsoft (R) C/C++ 优化编译器 19.27.29112 版
版权所有(C) Microsoft Corporation。保留所有权利。

cl: 命令行 warning D9002 :忽略未知选项“--version”
cl: 命令行 error D8003 :缺少源文件名
Checking whether the ASM compiler is ARMClang using "--version" did not match "armclang":
用于 x64 的 Microsoft (R) C/C++ 优化编译器 19.27.29112 版
版权所有(C) Microsoft Corporation。保留所有权利。

cl: 命令行 warning D9002 :忽略未知选项“--version”
cl: 命令行 error D8003 :缺少源文件名
Checking whether the ASM compiler is HP using "-V" did not match "HP C":
用于 x64 的 Microsoft (R) C/C++ 优化编译器 19.27.29112 版
版权所有(C) Microsoft Corporation。保留所有权利。

cl: 命令行 error D8004 :“/V”需要参数
Checking whether the ASM compiler is Intel using "--version" did not match "(ICC)":
用于 x64 的 Microsoft (R) C/C++ 优化编译器 19.27.29112 版
版权所有(C) Microsoft Corporation。保留所有权利。

cl: 命令行 warning D9002 :忽略未知选项“--version”
cl: 命令行 error D8003 :缺少源文件名
Checking whether the ASM compiler is SunPro using "-V" did not match "Sun C":
用于 x64 的 Microsoft (R) C/C++ 优化编译器 19.27.29112 版
版权所有(C) Microsoft Corporation。保留所有权利。

cl: 命令行 error D8004 :“/V”需要参数
Checking whether the ASM compiler is XL using "-qversion" did not match "XL C":
用于 x64 的 Microsoft (R) C/C++ 优化编译器 19.27.29112 版
版权所有(C) Microsoft Corporation。保留所有权利。

cl: 命令行 warning D9002 :忽略未知选项“-qversion”
cl: 命令行 error D8003 :缺少源文件名
Detecting CXX OpenMP failed with the following output:
Change Dir: D:/fudao/shixi/easy_perception/easy_arm/ambarella/out/build/x64-Debug (默认值)/CMakeFiles/CMakeTmp

Run Build Command(s):D:\VS\COMMON7\IDE\COMMONEXTENSIONS\MICROSOFT\CMAKE\Ninja\ninja.exe cmTC_ba09c && [1/2] Building CXX object CMakeFiles\cmTC_ba09c.dir\OpenMPTryFlag.cpp.obj
FAILED: CMakeFiles/cmTC_ba09c.dir/OpenMPTryFlag.cpp.obj 
D:\VS\VC\Tools\MSVC\14.27.29110\bin\Hostx64\x64\cl.exe  /nologo /TP   -Wall -Wextra -openmp /MDd /Zi /Ob0 /Od /RTC1 /showIncludes /FoCMakeFiles\cmTC_ba09c.dir\OpenMPTryFlag.cpp.obj /FdCMakeFiles\cmTC_ba09c.dir\ /FS -c "D:\fudao\shixi\easy_perception\easy_arm\ambarella\out\build\x64-Debug (默认值)\CMakeFiles\FindOpenMP\OpenMPTryFlag.cpp"
cl: 命令行 error D8021 :无效的数值参数“/Wextra”
ninja: build stopped: subcommand failed.



Detecting CXX OpenMP failed with the following output:
Change Dir: D:/fudao/shixi/easy_perception/easy_arm/ambarella/out/build/x64-Debug (默认值)/CMakeFiles/CMakeTmp

Run Build Command(s):D:\VS\COMMON7\IDE\COMMONEXTENSIONS\MICROSOFT\CMAKE\Ninja\ninja.exe cmTC_9abd3 && [1/2] Building CXX object CMakeFiles\cmTC_9abd3.dir\OpenMPTryFlag.cpp.obj
FAILED: CMakeFiles/cmTC_9abd3.dir/OpenMPTryFlag.cpp.obj 
D:\VS\VC\Tools\MSVC\14.27.29110\bin\Hostx64\x64\cl.exe  /nologo /TP   -Wall -Wextra -openmp /MDd /Zi /Ob0 /Od /RTC1 /showIncludes /FoCMakeFiles\cmTC_9abd3.dir\OpenMPTryFlag.cpp.obj /FdCMakeFiles\cmTC_9abd3.dir\ /FS -c "D:\fudao\shixi\easy_perception\easy_arm\ambarella\out\build\x64-Debug (默认值)\CMakeFiles\FindOpenMP\OpenMPTryFlag.cpp"
cl: 命令行 error D8021 :无效的数值参数“/Wextra”
ninja: build stopped: subcommand failed.



Detecting CXX OpenMP failed with the following output:
Change Dir: D:/fudao/shixi/easy_perception/easy_arm/ambarella/out/build/x64-Debug (默认值)/CMakeFiles/CMakeTmp

Run Build Command(s):D:\VS\COMMON7\IDE\COMMONEXTENSIONS\MICROSOFT\CMAKE\Ninja\ninja.exe cmTC_38bf4 && [1/2] Building CXX object CMakeFiles\cmTC_38bf4.dir\OpenMPTryFlag.cpp.obj
FAILED: CMakeFiles/cmTC_38bf4.dir/OpenMPTryFlag.cpp.obj 
D:\VS\VC\Tools\MSVC\14.27.29110\bin\Hostx64\x64\cl.exe  /nologo /TP   -Wall -Wextra -openmp /MDd /Zi /Ob0 /Od /RTC1 /showIncludes /FoCMakeFiles\cmTC_38bf4.dir\OpenMPTryFlag.cpp.obj /FdCMakeFiles\cmTC_38bf4.dir\ /FS -c "D:\fudao\shixi\easy_perception\easy_arm\ambarella\out\build\x64-Debug (默认值)\CMakeFiles\FindOpenMP\OpenMPTryFlag.cpp"
cl: 命令行 error D8021 :无效的数值参数“/Wextra”
ninja: build stopped: subcommand failed.



